<?xml version="1.0" encoding="UTF-8"?>
<testsuite name="raig.org.SumTest" tests="6" skipped="0" failures="0" errors="0" timestamp="2017-03-18T07:28:24" hostname="MacBook-Pro-de-Oscar.local" time="0.099">
  <properties/>
  <testcase name="sumTest1to10[0: 1, 2]" classname="raig.org.SumTest" time="0.016"/>
  <testcase name="sumTest1to10[1: 2, 3]" classname="raig.org.SumTest" time="0.043"/>
  <testcase name="sumTest1to10[2: 3, 4]" classname="raig.org.SumTest" time="0.021"/>
  <testcase name="sumTestRealSum[0: 1, 2, 3]" classname="raig.org.SumTest" time="0.0"/>
  <testcase name="sumTestRealSum[1: 2, 3, 5]" classname="raig.org.SumTest" time="0.0"/>
  <testcase name="sumTestRealSum[2: 3, 4, 7]" classname="raig.org.SumTest" time="0.0"/>
  <system-out><![CDATA[18 Mar 2017 08:28:24,655  INFO  SumTest:53 - Testing 1
18 Mar 2017 08:28:24,666  INFO  SumTest:53 - Testing 2
18 Mar 2017 08:28:24,723  INFO  SumTest:53 - Testing 3
]]></system-out>
  <system-err><![CDATA[]]></system-err>
</testsuite>
