<?xml version="1.0" encoding="UTF-8"?>
<testsuite name="raig.org.chapter9.irritatingparameter.nullobjectpattern.EmployeeIdShould" tests="2" skipped="0" failures="0" errors="0" timestamp="2017-03-19T07:13:14" hostname="MacBook-Pro-de-Oscar.local" time="0.012">
  <properties/>
  <testcase name="equalsShouldReturnsTrueIfIdsAreTheSame" classname="raig.org.chapter9.irritatingparameter.nullobjectpattern.EmployeeIdShould" time="0.011"/>
  <testcase name="equalsShouldReturnsFalseIfIdsAreTheDifferent" classname="raig.org.chapter9.irritatingparameter.nullobjectpattern.EmployeeIdShould" time="0.0"/>
  <system-out><![CDATA[]]></system-out>
  <system-err><![CDATA[]]></system-err>
</testsuite>
