<?xml version="1.0" encoding="UTF-8"?>
<testsuite name="raig.org.HelloWorldTest" tests="4" skipped="0" failures="0" errors="0" timestamp="2017-03-18T07:28:23" hostname="MacBook-Pro-de-Oscar.local" time="0.033">
  <properties/>
  <testcase name="testFail" classname="raig.org.HelloWorldTest" time="0.0"/>
  <testcase name="testMockitoCalculator" classname="raig.org.HelloWorldTest" time="0.032"/>
  <testcase name="testAddEmpty" classname="raig.org.HelloWorldTest" time="0.0"/>
  <testcase name="testAddOne" classname="raig.org.HelloWorldTest" time="0.0"/>
  <system-out><![CDATA[]]></system-out>
  <system-err><![CDATA[]]></system-err>
</testsuite>
